<?xml version="1.0" encoding="UTF-8"?>
<!-- Generated by org.testng.reporters.JUnitReportReporter -->
<testsuite skipped="0" hostname="IN5CG6434YRX" name="Sample_Test.DemoTest2" tests="1" failures="0" timestamp="30 Mar 2019 08:21:49 GMT" time="15.206" errors="0">
  <testcase name="LaunchTest" time="15.206" classname="Sample_Test.DemoTest2"/>
</testsuite> <!-- Sample_Test.DemoTest2 -->
