<?xml version="1.0" encoding="UTF-8"?>
<!-- Generated by org.testng.reporters.JUnitReportReporter -->
<testsuite skipped="0" hostname="IN5CG6434YRX" name="Sample_Test.DemoTest_to_validate_multipleUsers" tests="2" failures="0" timestamp="06 Apr 2019 10:48:01 GMT" time="29.934" errors="0">
  <testcase name="validateLoginforMultipleUsers" time="9.728" classname="Sample_Test.DemoTest_to_validate_multipleUsers"/>
  <testcase name="validateLoginforMultipleUsers" time="20.206" classname="Sample_Test.DemoTest_to_validate_multipleUsers"/>
</testsuite> <!-- Sample_Test.DemoTest_to_validate_multipleUsers -->
