<?xml version="1.0" encoding="UTF-8"?>
<!-- Generated by org.testng.reporters.JUnitReportReporter -->
<testsuite skipped="0" hostname="IN5CG6434YRX" name="Sample_Test.DemoTest_to_assert_title" tests="1" failures="0" timestamp="06 Apr 2019 10:48:01 GMT" time="0.171" errors="0">
  <testcase name="validateFeaturedCoursesText" time="0.171" classname="Sample_Test.DemoTest_to_assert_title"/>
</testsuite> <!-- Sample_Test.DemoTest_to_assert_title -->
