<?xml version="1.0" encoding="UTF-8"?>
<!-- Generated by org.testng.reporters.JUnitReportReporter -->
<testsuite skipped="0" hostname="IN5CG6434YRX" name="Sample_Test.Validate_contact_number" tests="1" failures="0" timestamp="06 Apr 2019 10:48:01 GMT" time="0.234" errors="0">
  <testcase name="ValidateContactNumber" time="0.234" classname="Sample_Test.Validate_contact_number"/>
</testsuite> <!-- Sample_Test.Validate_contact_number -->
