<?xml version="1.0" encoding="UTF-8"?>
<!-- Generated by org.testng.reporters.JUnitReportReporter -->
<testsuite skipped="0" hostname="IN5CG6434YRX" name="Sample_Test.Validate_submit_btn_exist" tests="1" failures="0" timestamp="06 Apr 2019 10:48:01 GMT" time="6.655" errors="0">
  <testcase name="ValidateSubmitButton" time="6.655" classname="Sample_Test.Validate_submit_btn_exist"/>
</testsuite> <!-- Sample_Test.Validate_submit_btn_exist -->
