<?xml version="1.0" encoding="UTF-8"?>
<!-- Generated by org.testng.reporters.JUnitReportReporter -->
<testsuite hostname="IN5CG6434YRX" name="Sample_Test.Validate_submit_btn_exist" tests="1" failures="0" timestamp="6 Apr 2019 10:50:02 GMT" time="0.369" errors="0">
  <testcase name="ValidateSubmitButton" time="0.369" classname="Sample_Test.Validate_submit_btn_exist"/>
</testsuite> <!-- Sample_Test.Validate_submit_btn_exist -->
