<?xml version="1.0" encoding="UTF-8"?>
<!-- Generated by org.testng.reporters.JUnitReportReporter -->
<testsuite hostname="IN5CG6434YRX" name="Sample_Test.Validate_contact_number" tests="1" failures="0" timestamp="6 Apr 2019 10:50:02 GMT" time="0.371" errors="0">
  <testcase name="ValidateContactNumber" time="0.371" classname="Sample_Test.Validate_contact_number"/>
</testsuite> <!-- Sample_Test.Validate_contact_number -->
