<?xml version="1.0" encoding="UTF-8"?>
<!-- Generated by org.testng.reporters.JUnitReportReporter -->
<testsuite hostname="IN5CG6434YRX" name="Sample_Test.DemoTest_to_validate_multipleUsers" tests="2" failures="0" timestamp="6 Apr 2019 10:50:02 GMT" time="32.382" errors="0">
  <testcase name="validateLoginforMultipleUsers" time="21.458" classname="Sample_Test.DemoTest_to_validate_multipleUsers"/>
  <testcase name="validateLoginforMultipleUsers" time="10.924" classname="Sample_Test.DemoTest_to_validate_multipleUsers"/>
</testsuite> <!-- Sample_Test.DemoTest_to_validate_multipleUsers -->
