<?xml version="1.0" encoding="UTF-8"?>
<!-- Generated by org.testng.reporters.JUnitReportReporter -->
<testsuite hostname="IN5CG6434YRX" name="Sample_Test.DemoTest_to_assert_title" tests="1" failures="0" timestamp="6 Apr 2019 10:50:02 GMT" time="0.176" errors="0">
  <testcase name="validateFeaturedCoursesText" time="0.176" classname="Sample_Test.DemoTest_to_assert_title"/>
</testsuite> <!-- Sample_Test.DemoTest_to_assert_title -->
